<?xml version="1.0" encoding="UTF-8"?>
<!-- Generated by org.testng.reporters.JUnitReportReporter -->
<testsuite hostname="FRT-100" failures="0" tests="1" name="DemoTest" time="9.567" errors="0" timestamp="2024-07-10T12:43:29 GET" skipped="0">
  <testcase classname="DemoTest" name="inputTest" time="9.567"/>
</testsuite> <!-- DemoTest -->
